# JRE version: OpenJDK Runtime Environment (8.0_242-b01) (build 1.8.0_242-release-1644-b01)
# Java VM: OpenJDK 64-Bit Server VM (25.242-b01 mixed mode windows-amd64 compressed oops)
Heap:
 PSYoungGen      total 201728K, used 87777K [0x00000000d5580000, 0x00000000e7380000, 0x0000000100000000)
  eden space 188416K, 46% used [0x00000000d5580000,0x00000000dab385d0,0x00000000e0d80000)
  from space 13312K, 0% used [0x00000000e0d80000,0x00000000e0d80000,0x00000000e1a80000)
  to   space 20480K, 0% used [0x00000000e5f80000,0x00000000e5f80000,0x00000000e7380000)
 ParOldGen       total 103424K, used 39476K [0x0000000080000000, 0x0000000086500000, 0x00000000d5580000)
  object space 103424K, 38% used [0x0000000080000000,0x000000008268d1b8,0x0000000086500000)
 Metaspace       used 62262K, capacity 64956K, committed 65048K, reserved 1105920K
  class space    used 8662K, capacity 9191K, committed 9264K, reserved 1048576K
GC Heap History (10 events):
Event: 5.252 GC heap before
{Heap before GC invocations=10 (full 1):
 PSYoungGen      total 134144K, used 108857K [0x00000000d5580000, 0x00000000de900000, 0x0000000100000000)
  eden space 125952K, 79% used [0x00000000d5580000,0x00000000db7d48c8,0x00000000dd080000)
  from space 8192K, 99% used [0x00000000de100000,0x00000000de8f9bc0,0x00000000de900000)
  to   space 11264K, 0% used [0x00000000dd300000,0x00000000dd300000,0x00000000dde00000)
 ParOldGen       total 47104K, used 6715K [0x0000000080000000, 0x0000000082e00000, 0x00000000d5580000)
  object space 47104K, 14% used [0x0000000080000000,0x000000008068ee48,0x0000000082e00000)
 Metaspace       used 34341K, capacity 35420K, committed 35496K, reserved 1079296K
  class space    used 4727K, capacity 5003K, committed 5040K, reserved 1048576K
Event: 5.263 GC heap after
Heap after GC invocations=10 (full 1):
 PSYoungGen      total 139776K, used 11262K [0x00000000d5580000, 0x00000000e2a80000, 0x0000000100000000)
  eden space 128512K, 0% used [0x00000000d5580000,0x00000000d5580000,0x00000000dd300000)
  from space 11264K, 99% used [0x00000000dd300000,0x00000000dddff890,0x00000000dde00000)
  to   space 12800K, 0% used [0x00000000e1e00000,0x00000000e1e00000,0x00000000e2a80000)
 ParOldGen       total 47104K, used 6815K [0x0000000080000000, 0x0000000082e00000, 0x00000000d5580000)
  object space 47104K, 14% used [0x0000000080000000,0x00000000806a7d88,0x0000000082e00000)
 Metaspace       used 34341K, capacity 35420K, committed 35496K, reserved 1079296K
  class space    used 4727K, capacity 5003K, committed 5040K, reserved 1048576K
}
Event: 5.263 GC heap before
{Heap before GC invocations=11 (full 2):
 PSYoungGen      total 139776K, used 11262K [0x00000000d5580000, 0x00000000e2a80000, 0x0000000100000000)
  eden space 128512K, 0% used [0x00000000d5580000,0x00000000d5580000,0x00000000dd300000)
  from space 11264K, 99% used [0x00000000dd300000,0x00000000dddff890,0x00000000dde00000)
  to   space 12800K, 0% used [0x00000000e1e00000,0x00000000e1e00000,0x00000000e2a80000)
 ParOldGen       total 47104K, used 6815K [0x0000000080000000, 0x0000000082e00000, 0x00000000d5580000)
  object space 47104K, 14% used [0x0000000080000000,0x00000000806a7d88,0x0000000082e00000)
 Metaspace       used 34341K, capacity 35420K, committed 35496K, reserved 1079296K
  class space    used 4727K, capacity 5003K, committed 5040K, reserved 1048576K
Event: 5.324 GC heap after
Heap after GC invocations=11 (full 2):
 PSYoungGen      total 139776K, used 0K [0x00000000d5580000, 0x00000000e2a80000, 0x0000000100000000)
  eden space 128512K, 0% used [0x00000000d5580000,0x00000000d5580000,0x00000000dd300000)
  from space 11264K, 0% used [0x00000000dd300000,0x00000000dd300000,0x00000000dde00000)
  to   space 12800K, 0% used [0x00000000e1e00000,0x00000000e1e00000,0x00000000e2a80000)
 ParOldGen       total 67072K, used 17593K [0x0000000080000000, 0x0000000084180000, 0x00000000d5580000)
  object space 67072K, 26% used [0x0000000080000000,0x000000008112e410,0x0000000084180000)
 Metaspace       used 34341K, capacity 35420K, committed 35496K, reserved 1079296K
  class space    used 4727K, capacity 5003K, committed 5040K, reserved 1048576K
}
Event: 10.649 GC heap before
{Heap before GC invocations=12 (full 2):
 PSYoungGen      total 139776K, used 128512K [0x00000000d5580000, 0x00000000e2a80000, 0x0000000100000000)
  eden space 128512K, 100% used [0x00000000d5580000,0x00000000dd300000,0x00000000dd300000)
  from space 11264K, 0% used [0x00000000dd300000,0x00000000dd300000,0x00000000dde00000)
  to   space 12800K, 0% used [0x00000000e1e00000,0x00000000e1e00000,0x00000000e2a80000)
 ParOldGen       total 67072K, used 17593K [0x0000000080000000, 0x0000000084180000, 0x00000000d5580000)
  object space 67072K, 26% used [0x0000000080000000,0x000000008112e410,0x0000000084180000)
 Metaspace       used 39729K, capacity 41484K, committed 41768K, reserved 1085440K
  class space    used 5487K, capacity 5828K, committed 5936K, reserved 1048576K
Event: 10.658 GC heap after
Heap after GC invocations=12 (full 2):
 PSYoungGen      total 192000K, used 9628K [0x00000000d5580000, 0x00000000e2780000, 0x0000000100000000)
  eden space 182272K, 0% used [0x00000000d5580000,0x00000000d5580000,0x00000000e0780000)
  from space 9728K, 98% used [0x00000000e1e00000,0x00000000e2767230,0x00000000e2780000)
  to   space 13312K, 0% used [0x00000000e0d80000,0x00000000e0d80000,0x00000000e1a80000)
 ParOldGen       total 67072K, used 17601K [0x0000000080000000, 0x0000000084180000, 0x00000000d5580000)
  object space 67072K, 26% used [0x0000000080000000,0x0000000081130410,0x0000000084180000)
 Metaspace       used 39729K, capacity 41484K, committed 41768K, reserved 1085440K
  class space    used 5487K, capacity 5828K, committed 5936K, reserved 1048576K
}
Event: 20.160 GC heap before
{Heap before GC invocations=13 (full 2):
 PSYoungGen      total 192000K, used 191454K [0x00000000d5580000, 0x00000000e2780000, 0x0000000100000000)
  eden space 182272K, 99% used [0x00000000d5580000,0x00000000e07108f8,0x00000000e0780000)
  from space 9728K, 98% used [0x00000000e1e00000,0x00000000e2767230,0x00000000e2780000)
  to   space 13312K, 0% used [0x00000000e0d80000,0x00000000e0d80000,0x00000000e1a80000)
 ParOldGen       total 67072K, used 17601K [0x0000000080000000, 0x0000000084180000, 0x00000000d5580000)
  object space 67072K, 26% used [0x0000000080000000,0x0000000081130410,0x0000000084180000)
 Metaspace       used 56550K, capacity 58994K, committed 59160K, reserved 1099776K
  class space    used 7745K, capacity 8218K, committed 8240K, reserved 1048576K
Event: 20.186 GC heap after
Heap after GC invocations=13 (full 2):
 PSYoungGen      total 201728K, used 13296K [0x00000000d5580000, 0x00000000e7380000, 0x0000000100000000)
  eden space 188416K, 0% used [0x00000000d5580000,0x00000000d5580000,0x00000000e0d80000)
  from space 13312K, 99% used [0x00000000e0d80000,0x00000000e1a7c360,0x00000000e1a80000)
  to   space 20480K, 0% used [0x00000000e5f80000,0x00000000e5f80000,0x00000000e7380000)
 ParOldGen       total 67072K, used 32138K [0x0000000080000000, 0x0000000084180000, 0x00000000d5580000)
  object space 67072K, 47% used [0x0000000080000000,0x0000000081f62ae8,0x0000000084180000)
 Metaspace       used 56550K, capacity 58994K, committed 59160K, reserved 1099776K
  class space    used 7745K, capacity 8218K, committed 8240K, reserved 1048576K
}
Event: 20.186 GC heap before
{Heap before GC invocations=14 (full 3):
 PSYoungGen      total 201728K, used 13296K [0x00000000d5580000, 0x00000000e7380000, 0x0000000100000000)
  eden space 188416K, 0% used [0x00000000d5580000,0x00000000d5580000,0x00000000e0d80000)
  from space 13312K, 99% used [0x00000000e0d80000,0x00000000e1a7c360,0x00000000e1a80000)
  to   space 20480K, 0% used [0x00000000e5f80000,0x00000000e5f80000,0x00000000e7380000)
 ParOldGen       total 67072K, used 32138K [0x0000000080000000, 0x0000000084180000, 0x00000000d5580000)
  object space 67072K, 47% used [0x0000000080000000,0x0000000081f62ae8,0x0000000084180000)
 Metaspace       used 56550K, capacity 58994K, committed 59160K, reserved 1099776K
  class space    used 7745K, capacity 8218K, committed 8240K, reserved 1048576K
Event: 20.373 GC heap after
Heap after GC invocations=14 (full 3):
 PSYoungGen      total 201728K, used 0K [0x00000000d5580000, 0x00000000e7380000, 0x0000000100000000)
  eden space 188416K, 0% used [0x00000000d5580000,0x00000000d5580000,0x00000000e0d80000)
  from space 13312K, 0% used [0x00000000e0d80000,0x00000000e0d80000,0x00000000e1a80000)
  to   space 20480K, 0% used [0x00000000e5f80000,0x00000000e5f80000,0x00000000e7380000)
 ParOldGen       total 103424K, used 39476K [0x0000000080000000, 0x0000000086500000, 0x00000000d5580000)
  object space 103424K, 38% used [0x0000000080000000,0x000000008268d1b8,0x0000000086500000)
 Metaspace       used 56504K, capacity 58838K, committed 59160K, reserved 1099776K
  class space    used 7730K, capacity 8192K, committed 8240K, reserved 1048576K
}

